1631793499076	geckodriver	INFO	Listening on 127.0.0.1:45145
1631793499079	mozrunner::runner	INFO	Running command: "/usr/bin/firefox" "--marionette" "--disable-extensions" "--start-maximized" "--disable-gpu" "--log-level=3" "user-agent=Mozilla/5.0 (X11; Linux x86_64) AppleWebKit/537.36 (KHTML, like Gecko) Chrome/93.0.4577.63 Safari/537.36" "--disable-notifications" "--disable-popup-blocking" "-foreground" "-no-remote" "-profile" "/tmp/rust_mozprofileXV7gQt"
1631793516997	Marionette	INFO	Listening on port 36913
1631793517116	Marionette	WARN	TLS certificate errors will be ignored for this session
JavaScript warning: https://www.googletagmanager.com/gtm.js?id=GTM-MKV6, line 355: unreachable code after return statement
Exiting due to channel error.
Exiting due to channel error.
1633554172085	geckodriver	INFO	Listening on 127.0.0.1:39213
1633554172089	mozrunner::runner	INFO	Running command: "/usr/bin/firefox" "--marionette" "--disable-extensions" "--start-maximized" "--disable-gpu" "--log-level=3" "--user-agent=Mozilla/5.0 (X11; Linux x86_64) AppleWebKit/537.36 (KHTML, like Gecko) Chrome/93.0.4577.63 Safari/537.36" "--disable-notifications" "--disable-popup-blocking" "-no-remote" "-profile" "/tmp/rust_mozprofile1Fveal"
1633554190066	Marionette	INFO	Listening on port 37993
1633554190181	Marionette	WARN	TLS certificate errors will be ignored for this session
JavaScript warning: https://www.googletagmanager.com/gtm.js?id=GTM-MKV6, line 391: unreachable code after return statement
JavaScript error: , line 0: uncaught exception: Object
JavaScript error: , line 0: TypeError: NetworkError when attempting to fetch resource.
JavaScript error: , line 0: TypeError: NetworkError when attempting to fetch resource.
Exiting due to channel error.
1633882908289	geckodriver	INFO	Listening on 127.0.0.1:34709
1633882908301	mozrunner::runner	INFO	Running command: "/usr/bin/firefox" "--marionette" "--disable-extensions" "--start-maximized" "--disable-gpu" "--log-level=3" "--user-agent=Mozilla/5.0 (X11; Linux x86_64) AppleWebKit/537.36 (KHTML, like Gecko) Chrome/93.0.4577.63 Safari/537.36" "--disable-notifications" "--disable-popup-blocking" "-no-remote" "-profile" "/tmp/rust_mozprofileb1MIfO"
1633882929655	Marionette	INFO	Listening on port 46377
1633882929691	Marionette	WARN	TLS certificate errors will be ignored for this session
JavaScript warning: https://www.googletagmanager.com/gtm.js?id=GTM-MKV6, line 393: unreachable code after return statement
JavaScript error: https://www.googletagmanager.com/gtm.js?id=GTM-MKV6, line 71: NS_ERROR_NOT_INITIALIZED: 
JavaScript error: , line 0: TypeError: NetworkError when attempting to fetch resource.
Exiting due to channel error.
